\BOOKMARK [1][-]{section.1}{\376\377\004\033\004\076\004\063\004\070\004\107\004\065\004\101\004\072\004\070\004\065\000\040\004\076\004\077\004\065\004\100\004\060\004\106\004\070\004\070}{}% 1
\BOOKMARK [2][-]{subsection.1.1}{\376\377\004\033\004\076\004\063\004\070\004\107\004\065\004\101\004\072\004\076\004\065\000\040\004\030}{section.1}% 2
\BOOKMARK [3][-]{subsubsection.1.1.1}{\376\377\004\042\004\060\004\061\004\073\004\070\004\106\004\060\000\040\004\070\004\101\004\102\004\070\004\075\004\075\004\076\004\101\004\102\004\070}{subsection.1.1}% 3
\BOOKMARK [3][-]{subsubsection.1.1.2}{\376\377\004\036\004\061\004\076\004\067\004\075\004\060\004\107\004\065\004\075\004\070\004\117}{subsection.1.1}% 4
\BOOKMARK [3][-]{subsubsection.1.1.3}{\376\377\004\041\004\062\004\076\004\071\004\101\004\102\004\062\004\060}{subsection.1.1}% 5
\BOOKMARK [2][-]{subsection.1.2}{\376\377\004\033\004\076\004\063\004\070\004\107\004\065\004\101\004\072\004\076\004\065\000\040\004\030\004\033\004\030}{section.1}% 6
\BOOKMARK [3][-]{subsubsection.1.2.1}{\376\377\004\042\004\060\004\061\004\073\004\070\004\106\004\060\000\040\004\070\004\101\004\102\004\070\004\075\004\075\004\076\004\101\004\102\004\070}{subsection.1.2}% 7
\BOOKMARK [3][-]{subsubsection.1.2.2}{\376\377\004\036\004\061\004\076\004\067\004\075\004\060\004\107\004\065\004\075\004\070\004\117}{subsection.1.2}% 8
\BOOKMARK [3][-]{subsubsection.1.2.3}{\376\377\004\041\004\062\004\076\004\071\004\101\004\102\004\062\004\060}{subsection.1.2}% 9
\BOOKMARK [2][-]{subsection.1.3}{\376\377\004\036\004\102\004\100\004\070\004\106\004\060\004\075\004\070\004\065}{section.1}% 10
\BOOKMARK [3][-]{subsubsection.1.3.1}{\376\377\004\042\004\060\004\061\004\073\004\070\004\106\004\060\000\040\004\070\004\101\004\102\004\070\004\075\004\075\004\076\004\101\004\102\004\070}{subsection.1.3}% 11
\BOOKMARK [3][-]{subsubsection.1.3.2}{\376\377\004\036\004\061\004\076\004\067\004\075\004\060\004\107\004\065\004\075\004\070\004\117}{subsection.1.3}% 12
\BOOKMARK [3][-]{subsubsection.1.3.3}{\376\377\004\041\004\062\004\076\004\071\004\101\004\102\004\062\004\060}{subsection.1.3}% 13
\BOOKMARK [2][-]{subsection.1.4}{\376\377\004\030\004\074\004\077\004\073\004\070\004\072\004\060\004\106\004\070\004\117}{section.1}% 14
\BOOKMARK [3][-]{subsubsection.1.4.1}{\376\377\004\042\004\060\004\061\004\073\004\070\004\106\004\060\000\040\004\070\004\101\004\102\004\070\004\075\004\075\004\076\004\101\004\102\004\070}{subsection.1.4}% 15
\BOOKMARK [3][-]{subsubsection.1.4.2}{\376\377\004\036\004\061\004\076\004\067\004\075\004\060\004\107\004\065\004\075\004\070\004\117}{subsection.1.4}% 16
\BOOKMARK [3][-]{subsubsection.1.4.3}{\376\377\004\041\004\062\004\076\004\071\004\101\004\102\004\062\004\060}{subsection.1.4}% 17
\BOOKMARK [2][-]{subsection.1.5}{\376\377\004\055\004\072\004\062\004\070\004\062\004\060\004\073\004\065\004\075\004\106\004\070\004\117}{section.1}% 18
\BOOKMARK [3][-]{subsubsection.1.5.1}{\376\377\004\042\004\060\004\061\004\073\004\070\004\106\004\060\000\040\004\070\004\101\004\102\004\070\004\075\004\075\004\076\004\101\004\102\004\070}{subsection.1.5}% 19
\BOOKMARK [3][-]{subsubsection.1.5.2}{\376\377\004\036\004\061\004\076\004\067\004\075\004\060\004\107\004\065\004\075\004\070\004\117}{subsection.1.5}% 20
\BOOKMARK [3][-]{subsubsection.1.5.3}{\376\377\004\041\004\062\004\076\004\071\004\101\004\102\004\062\004\060}{subsection.1.5}% 21
\BOOKMARK [2][-]{subsection.1.6}{\376\377\004\030\004\101\004\072\004\073\004\116\004\107\004\060\004\116\004\111\004\065\004\065\000\040\004\030\004\033\004\030}{section.1}% 22
\BOOKMARK [3][-]{subsubsection.1.6.1}{\376\377\004\042\004\060\004\061\004\073\004\070\004\106\004\060\000\040\004\070\004\101\004\102\004\070\004\075\004\075\004\076\004\101\004\102\004\070}{subsection.1.6}% 23
\BOOKMARK [3][-]{subsubsection.1.6.2}{\376\377\004\036\004\061\004\076\004\067\004\075\004\060\004\107\004\065\004\075\004\070\004\117}{subsection.1.6}% 24
\BOOKMARK [3][-]{subsubsection.1.6.3}{\376\377\004\041\004\062\004\076\004\071\004\101\004\102\004\062\004\060}{subsection.1.6}% 25
\BOOKMARK [2][-]{subsection.1.7}{\376\377\004\037\004\100\004\060\004\072\004\102\004\070\004\107\004\065\004\101\004\072\004\076\004\065\000\040\004\077\004\100\004\070\004\074\004\065\004\075\004\065\004\075\004\070\004\065}{section.1}% 26
